<?xml version="1.0" encoding="UTF-8"?>
<!-- Generated by org.testng.reporters.JUnitReportReporter -->
<testsuite hostname="ERMINA-PRECISION" failures="0" tests="1" name="co.edurekatraining.NewTest" time="2.024" errors="0" timestamp="2023-04-20T10:01:34 PDT" skipped="0">
  <testcase classname="co.edurekatraining.NewTest" name="methodOne" time="2.024"/>
  <system-out/>
</testsuite> <!-- co.edurekatraining.NewTest -->
